<?xml version="1.0" encoding="UTF-8"?>
<testsuite xmlns:xsi="http://www.w3.org/2001/XMLSchema-instance" xsi:noNamespaceSchemaLocation="https://maven.apache.org/surefire/maven-surefire-plugin/xsd/surefire-test-report-3.0.xsd" version="3.0" name="dev.httpserver.http.HttpParserTest" time="0.065" tests="11" errors="0" skipped="0" failures="0">
  <properties>
[...]
</properties>
  <testcase name="rejectsOversizedBody" classname="dev.httpserver.http.HttpParserTest" time="0.029"/>
  <testcase name="acceptsBareLineFeedAsLineSeparator" classname="dev.httpserver.http.HttpParserTest" time="0.001"/>
  <testcase name="returnsNullStatusForSilentEof" classname="dev.httpserver.http.HttpParserTest" time="0.002"/>
  <testcase name="rejectsMissingHostHeader" classname="dev.httpserver.http.HttpParserTest" time="0.001"/>
  <testcase name="rejectsMalformedRequestLine" classname="dev.httpserver.http.HttpParserTest" time="0.0"/>
  <testcase name="headersAreLowercased" classname="dev.httpserver.http.HttpParserTest" time="0.001"/>
  <testcase name="parsesPostWithBody" classname="dev.httpserver.http.HttpParserTest" time="0.001"/>
  <testcase name="parsesSimpleGetRequest" classname="dev.httpserver.http.HttpParserTest" time="0.001"/>
  <testcase name="parsesQueryParameters" classname="dev.httpserver.http.HttpParserTest" time="0.001"/>
  <testcase name="rejectsUnknownMethod" classname="dev.httpserver.http.HttpParserTest" time="0.001"/>
  <testcase name="rejectsOversizedHeaders" classname="dev.httpserver.http.HttpParserTest" time="0.001"/>
</testsuite>