<?xml version="1.0" encoding="UTF-8"?>
<testsuite xmlns:xsi="http://www.w3.org/2001/XMLSchema-instance" xsi:noNamespaceSchemaLocation="https://maven.apache.org/surefire/maven-surefire-plugin/xsd/surefire-test-report-3.0.xsd" version="3.0" name="dev.httpserver.integration.ServerIntegrationTest" time="0.872" tests="10" errors="0" skipped="0" failures="0">
  <properties>
[...]
</properties>
  <testcase name="healthReturns200" classname="dev.httpserver.integration.ServerIntegrationTest" time="0.072">
    <system-out><![CDATA[2026-03-03 00:50:16.919 INFO  [main] dev.httpserver.bootstrap.HttpServer - HTTP server started. ServerConfig{host='0.0.0.0', port=62669, maxConnections=200, requestReadTimeoutMs=5000, keepAliveTimeoutMs=30000, maxHeaderSizeBytes=8192, maxBodySizeBytes=1048576, workerThreads=16, queueCapacity=256}
2026-03-03 00:50:16.923 INFO  [http-acceptor] dev.httpserver.net.Acceptor - Acceptor listening on 0.0.0.0:62669
2026-03-03 00:50:17.373 INFO  [request-worker-35] d.h.middleware.LoggingMiddleware - req-id=64ae1d4f-8f83-4aee-808f-51dd3e07497f GET /health -> 200 (0ms)
]]></system-out>
  </testcase>
  <testcase name="echoReturnsIdAndQueryParams" classname="dev.httpserver.integration.ServerIntegrationTest" time="0.021">
    <system-out><![CDATA[2026-03-03 00:50:17.405 INFO  [request-worker-35] d.h.middleware.LoggingMiddleware - req-id=66a4f993-3a55-4971-be7f-55c248f57ab9 GET /echo/123 -> 200 (13ms)
]]></system-out>
  </testcase>
  <testcase name="jsonEndpointRoundtrips" classname="dev.httpserver.integration.ServerIntegrationTest" time="0.018">
    <system-out><![CDATA[2026-03-03 00:50:17.425 INFO  [request-worker-35] d.h.middleware.LoggingMiddleware - req-id=8709548b-5ab3-4dfc-aef4-a743cd1ec6ae POST /json -> 200 (10ms)
]]></system-out>
  </testcase>
  <testcase name="unknownRouteReturns404" classname="dev.httpserver.integration.ServerIntegrationTest" time="0.003"/>
  <testcase name="wrongMethodReturns405" classname="dev.httpserver.integration.ServerIntegrationTest" time="0.002"/>
  <testcase name="metricsContainsCounters" classname="dev.httpserver.integration.ServerIntegrationTest" time="0.003">
    <system-out><![CDATA[2026-03-03 00:50:17.437 INFO  [request-worker-35] d.h.middleware.LoggingMiddleware - req-id=04f82508-ea64-48f4-9261-fb7011861651 GET /metrics -> 200 (1ms)
]]></system-out>
  </testcase>
  <testcase name="multipleRequestsOnSingleConnection" classname="dev.httpserver.integration.ServerIntegrationTest" time="0.01">
    <system-out><![CDATA[2026-03-03 00:50:17.440 INFO  [request-worker-35] d.h.middleware.LoggingMiddleware - req-id=44b263ae-6aa9-4ea8-a71c-66f1a157db8e GET /health -> 200 (0ms)
2026-03-03 00:50:17.442 INFO  [request-worker-35] d.h.middleware.LoggingMiddleware - req-id=03701744-43f0-40bb-b2b8-105794b63a0b GET /health -> 200 (0ms)
2026-03-03 00:50:17.444 INFO  [request-worker-35] d.h.middleware.LoggingMiddleware - req-id=88f68456-fcd8-4d6d-85fe-dba9aa1f0c5b GET /health -> 200 (0ms)
2026-03-03 00:50:17.446 INFO  [request-worker-35] d.h.middleware.LoggingMiddleware - req-id=bfeb14bf-6bea-4e93-b994-0afd360c966d GET /health -> 200 (0ms)
2026-03-03 00:50:17.448 INFO  [request-worker-35] d.h.middleware.LoggingMiddleware - req-id=9593d10d-05b6-480d-83ba-69d5c437b3f8 GET /health -> 200 (0ms)
]]></system-out>
  </testcase>
  <testcase name="correlationIdIsReturnedInResponse" classname="dev.httpserver.integration.ServerIntegrationTest" time="0.003">
    <system-out><![CDATA[2026-03-03 00:50:17.451 INFO  [request-worker-35] d.h.middleware.LoggingMiddleware - req-id=18cf22c4-6933-47dd-923d-05c5b1ee124c GET /health -> 200 (0ms)
]]></system-out>
  </testcase>
  <testcase name="incomingCorrelationIdIsEchoed" classname="dev.httpserver.integration.ServerIntegrationTest" time="0.002">
    <system-out><![CDATA[2026-03-03 00:50:17.457 INFO  [request-worker-35] d.h.middleware.LoggingMiddleware - req-id=test-trace-42 GET /health -> 200 (0ms)
]]></system-out>
  </testcase>
  <testcase name="oversizedBodyReturns413" classname="dev.httpserver.integration.ServerIntegrationTest" time="0.005"/>
</testsuite>